
****** PlanAhead v14.7 (64-bit)
  **** Build 321239 by xbuild on Fri Sep 27 19:29:51 MDT 2013
    ** Copyright 1986-1999, 2001-2013 Xilinx, Inc. All Rights Reserved.

INFO: [Common 17-78] Attempting to get a license: PlanAhead
INFO: [Common 17-290] Got license for PlanAhead
INFO: [Device 21-36] Loading parts and site information from C:/Xilinx/14.7/ISE_DS/PlanAhead/data/parts/arch.xml
Parsing RTL primitives file [C:/Xilinx/14.7/ISE_DS/PlanAhead/data/parts/xilinx/rtl/prims/rtl_prims.xml]
Finished parsing RTL primitives file [C:/Xilinx/14.7/ISE_DS/PlanAhead/data/parts/xilinx/rtl/prims/rtl_prims.xml]
start_gui
source {C:/Embedded Projects/Ascending_Des_PB/Ascending_Descending_PB/pa.fromNetlist.tcl}
# create_project -name Ascending_Descending_PB -dir "C:/Embedded Projects/Ascending_Des_PB/Ascending_Descending_PB/planAhead_run_1" -part xc6slx16csg324-3
# set_property design_mode GateLvl [get_property srcset [current_run -impl]]
# set_property edif_top_file "C:/Embedded Projects/Ascending_Des_PB/Ascending_Descending_PB/Seven_segment.ngc" [ get_property srcset [ current_run ] ]
# add_files -norecurse { {C:/Embedded Projects/Ascending_Des_PB/Ascending_Descending_PB} }
# set_param project.pinAheadLayout  yes
# set_property target_constrs_file "Seven_segment.ucf" [current_fileset -constrset]
Adding file 'C:/Embedded Projects/Ascending_Des_PB/Ascending_Descending_PB/Seven_segment.ucf' to fileset 'constrs_1'
# add_files [list {Seven_segment.ucf}] -fileset [get_property constrset [current_run]]
# link_design
Design is defaulting to srcset: sources_1
Design is defaulting to constrset: constrs_1
Design is defaulting to project part: xc6slx16csg324-3
Release 14.7 - ngc2edif P.20131013 (nt64)
Copyright (c) 1995-2013 Xilinx, Inc.  All rights reserved.
Reading design Seven_segment.ngc ...
WARNING:NetListWriters:298 - No output is written to Seven_segment.xncf,
   ignored.
Processing design ...
   Preping design's networks ...
   Preping design's macros ...
  finished :Prep
Writing EDIF netlist file Seven_segment.edif ...
ngc2edif: Total memory usage is 85188 kilobytes

Parsing EDIF File [./planAhead_run_1/Ascending_Descending_PB.data/cache/Seven_segment_ngc_zx.edif]
Finished Parsing EDIF File [./planAhead_run_1/Ascending_Descending_PB.data/cache/Seven_segment_ngc_zx.edif]
INFO: [Netlist 29-17] Analyzing 1 Unisim elements for replacement
INFO: [Netlist 29-28] Unisim Transformation completed in 0 CPU seconds
Loading clock regions from C:/Xilinx/14.7/ISE_DS/PlanAhead/data\parts/xilinx/spartan6/spartan6lx/xc6slx16/ClockRegion.xml
Loading clock buffers from C:/Xilinx/14.7/ISE_DS/PlanAhead/data\parts/xilinx/spartan6/spartan6lx/xc6slx16/ClockBuffers.xml
Loading package pin functions from C:/Xilinx/14.7/ISE_DS/PlanAhead/data\parts/xilinx/spartan6/PinFunctions.xml...
Loading package from C:/Xilinx/14.7/ISE_DS/PlanAhead/data\parts/xilinx/spartan6/spartan6lx/xc6slx16/csg324/Package.xml
Loading io standards from C:/Xilinx/14.7/ISE_DS/PlanAhead/data\./parts/xilinx/spartan6/IOStandards.xml
Loading device configuration modes from C:/Xilinx/14.7/ISE_DS/PlanAhead/data\parts/xilinx/spartan6/ConfigModes.xml
Loading list of drcs for the architecture : C:/Xilinx/14.7/ISE_DS/PlanAhead/data\./parts/xilinx/spartan6/drc.xml
Parsing UCF File [C:/Embedded Projects/Ascending_Des_PB/Ascending_Descending_PB/Seven_segment.ucf]
Finished Parsing UCF File [C:/Embedded Projects/Ascending_Des_PB/Ascending_Descending_PB/Seven_segment.ucf]
INFO: [Project 1-111] Unisim Transformation Summary:
  A total of 1 instances were transformed.
  BUFGP => BUFGP (IBUF, BUFG): 1 instances

Phase 0 | Netlist Checksum: ffa0c848
link_design: Time (s): elapsed = 00:00:14 . Memory (MB): peak = 602.879 ; gain = 187.613
startgroup
set_property package_pin N16 [get_ports {an[3]}]
endgroup
startgroup
set_property package_pin N15 [get_ports {an[2]}]
endgroup
startgroup
set_property package_pin P18 [get_ports {an[1]}]
endgroup
startgroup
set_property package_pin P17 [get_ports {an[0]}]
endgroup
startgroup
set_property package_pin P17 [get_ports {an[0]}]
endgroup
startgroup
set_property package_pin T17 [get_ports {Seg[6]}]
endgroup
startgroup
set_property package_pin T18 [get_ports {Seg[5]}]
endgroup
startgroup
set_property package_pin U17 [get_ports {Seg[4]}]
endgroup
startgroup
set_property package_pin U18 [get_ports {Seg[3]}]
endgroup
startgroup
set_property package_pin M14 [get_ports {Seg[2]}]
endgroup
startgroup
set_property package_pin N14 [get_ports {Seg[1]}]
endgroup
startgroup
set_property package_pin L14 [get_ports {Seg[0]}]
endgroup
startgroup
set_property package_pin L14 [get_ports {Seg[0]}]
endgroup
startgroup
set_property package_pin V10 [get_ports Clk]
endgroup
startgroup
set_property package_pin B8 [get_ports Clr]
endgroup
startgroup
set_property package_pin T10 [get_ports SW]
endgroup
set_property is_loc_fixed false [get_ports [list  SW]]
set_property is_loc_fixed true [get_ports [list  SW]]
save_constraints
exit
ERROR: [Common 17-39] 'stop_gui' failed due to earlier errors.
INFO: [Common 17-206] Exiting PlanAhead at Tue Feb 16 20:42:11 2016...
INFO: [Common 17-83] Releasing license: PlanAhead
