--------------------------------------------------------------------------------
Release 14.6 Trace  (nt)
Copyright (c) 1995-2013 Xilinx, Inc.  All rights reserved.

C:\Xilinx\14.6\ISE_DS\ISE\bin\nt\unwrapped\trce.exe -intstyle ise -v 3 -s 3 -n
3 -fastpaths -xml Mux4to1.twx Mux4to1.ncd -o Mux4to1.twr Mux4to1.pcf

Design file:              Mux4to1.ncd
Physical constraint file: Mux4to1.pcf
Device,package,speed:     xc6slx16,csg324,C,-3 (PRODUCTION 1.23 2013-06-08)
Report level:             verbose report

Environment Variable      Effect 
--------------------      ------ 
NONE                      No environment variables were set
--------------------------------------------------------------------------------

INFO:Timing:2698 - No timing constraints found, doing default enumeration.
INFO:Timing:3412 - To improve timing, see the Timing Closure User Guide (UG612).
INFO:Timing:2752 - To get complete path coverage, use the unconstrained paths 
   option. All paths that are not constrained will be reported in the 
   unconstrained paths section(s) of the report.
INFO:Timing:3339 - The clock-to-out numbers in this timing report are based on 
   a 50 Ohm transmission line loading model.  For the details of this model, 
   and for more information on accounting for different loading conditions, 
   please see the device datasheet.



Data Sheet report:
-----------------
All values displayed in nanoseconds (ns)

Pad to Pad
---------------+---------------+---------+
Source Pad     |Destination Pad|  Delay  |
---------------+---------------+---------+
A<0>           |Y<0>           |    6.758|
A<1>           |Y<1>           |    6.553|
A<2>           |Y<2>           |    6.636|
A<3>           |Y<3>           |    6.326|
B<0>           |Y<0>           |    6.748|
B<1>           |Y<1>           |    6.440|
B<2>           |Y<2>           |    6.524|
B<3>           |Y<3>           |    6.626|
C<0>           |Y<0>           |    6.695|
C<1>           |Y<1>           |    6.254|
C<2>           |Y<2>           |    6.434|
C<3>           |Y<3>           |    6.414|
D<0>           |Y<0>           |    6.408|
D<1>           |Y<1>           |    6.588|
D<2>           |Y<2>           |    6.226|
D<3>           |Y<3>           |    6.031|
Sel<0>         |Y<0>           |    6.443|
Sel<0>         |Y<1>           |    6.212|
Sel<0>         |Y<2>           |    6.363|
Sel<0>         |Y<3>           |    6.146|
Sel<1>         |Y<0>           |    6.194|
Sel<1>         |Y<1>           |    6.564|
Sel<1>         |Y<2>           |    6.416|
Sel<1>         |Y<3>           |    6.319|
---------------+---------------+---------+


Analysis completed Fri Jan 15 12:49:43 2016 
--------------------------------------------------------------------------------

Trace Settings:
-------------------------
Trace Settings 

Peak Memory Usage: 167 MB



