#-----------------------------------------------------------
# PlanAhead v14.7 (64-bit)
# Build 321239 by xbuild on Fri Sep 27 19:29:51 MDT 2013
# Start of session at: Sat Jan 23 19:13:31 2016
# Process ID: 9364
# Log file: C:/Embedded Projects/Seven_Seg_Counter/planAhead_run_2/planAhead.log
# Journal file: C:/Embedded Projects/Seven_Seg_Counter/planAhead_run_2/planAhead.jou
#-----------------------------------------------------------
INFO: [Common 17-78] Attempting to get a license: PlanAhead
INFO: [Common 17-290] Got license for PlanAhead
INFO: [Device 21-36] Loading parts and site information from C:/Xilinx/14.7/ISE_DS/PlanAhead/data/parts/arch.xml
Parsing RTL primitives file [C:/Xilinx/14.7/ISE_DS/PlanAhead/data/parts/xilinx/rtl/prims/rtl_prims.xml]
Finished parsing RTL primitives file [C:/Xilinx/14.7/ISE_DS/PlanAhead/data/parts/xilinx/rtl/prims/rtl_prims.xml]
start_gui
source {C:/Embedded Projects/Seven_Seg_Counter/pa.fromNetlist.tcl}
# create_project -name Seven_Seg_Counter -dir "C:/Embedded Projects/Seven_Seg_Counter/planAhead_run_2" -part xc3s100ecp132-4
ERROR: [Common 17-53] User Exception: Project already exists on disk, please use '-force' option to overwrite: 
     C:/Embedded Projects/Seven_Seg_Counter/planAhead_run_2/Seven_Seg_Counter.ppr
     C:/Embedded Projects/Seven_Seg_Counter/planAhead_run_2/Seven_Seg_Counter.data

    while executing
"create_project -name Seven_Seg_Counter -dir "C:/Embedded Projects/Seven_Seg_Counter/planAhead_run_2" -part xc3s100ecp132-4"
    (file "C:/Embedded Projects/Seven_Seg_Counter/pa.fromNetlist.tcl" line 4)
exit
INFO: [Common 17-206] Exiting PlanAhead at Sat Jan 23 19:14:05 2016...
INFO: [Common 17-83] Releasing license: PlanAhead
