#-----------------------------------------------------------
# PlanAhead v14.7 (64-bit)
# Build 321239 by xbuild on Fri Sep 27 19:29:51 MDT 2013
# Start of session at: Sat Jan 23 19:18:50 2016
# Process ID: 9168
# Log file: C:/Embedded Projects/Seven_Seg_Counter/planAhead_run_5/planAhead.log
# Journal file: C:/Embedded Projects/Seven_Seg_Counter/planAhead_run_5/planAhead.jou
#-----------------------------------------------------------
INFO: [Common 17-78] Attempting to get a license: PlanAhead
INFO: [Common 17-290] Got license for PlanAhead
INFO: [Device 21-36] Loading parts and site information from C:/Xilinx/14.7/ISE_DS/PlanAhead/data/parts/arch.xml
Parsing RTL primitives file [C:/Xilinx/14.7/ISE_DS/PlanAhead/data/parts/xilinx/rtl/prims/rtl_prims.xml]
Finished parsing RTL primitives file [C:/Xilinx/14.7/ISE_DS/PlanAhead/data/parts/xilinx/rtl/prims/rtl_prims.xml]
start_gui
source {C:/Embedded Projects/Seven_Seg_Counter/pa.fromNetlist.tcl}
# create_project -name Seven_Seg_Counter -dir "C:/Embedded Projects/Seven_Seg_Counter/planAhead_run_5" -part xc3s100ecp132-4
# set_property design_mode GateLvl [get_property srcset [current_run -impl]]
# set_property edif_top_file "C:/Embedded Projects/Seven_Seg_Counter/Seven_segment.ngc" [ get_property srcset [ current_run ] ]
# add_files -norecurse { {C:/Embedded Projects/Seven_Seg_Counter} }
# set_param project.pinAheadLayout  yes
# set_property target_constrs_file "Seven_segment.ucf" [current_fileset -constrset]
Adding file 'C:/Embedded Projects/Seven_Seg_Counter/Seven_segment.ucf' to fileset 'constrs_1'
# add_files [list {Seven_segment.ucf}] -fileset [get_property constrset [current_run]]
# link_design
Design is defaulting to srcset: sources_1
Design is defaulting to constrset: constrs_1
Design is defaulting to project part: xc3s100ecp132-4
Release 14.7 - ngc2edif P.20131013 (nt64)
Copyright (c) 1995-2013 Xilinx, Inc.  All rights reserved.
Reading design Seven_segment.ngc ...
WARNING:NetListWriters:298 - No output is written to Seven_segment.xncf,
   ignored.
Processing design ...
   Preping design's networks ...
   Preping design's macros ...
  finished :Prep
Writing EDIF netlist file Seven_segment.edif ...
ngc2edif: Total memory usage is 84932 kilobytes

Parsing EDIF File [./planAhead_run_5/Seven_Seg_Counter.data/cache/Seven_segment_ngc_zx.edif]
Finished Parsing EDIF File [./planAhead_run_5/Seven_Seg_Counter.data/cache/Seven_segment_ngc_zx.edif]
INFO: [Designutils 20-910] Reading macro library C:/Xilinx/14.7/ISE_DS/PlanAhead/data\./parts/xilinx/spartan3e/spartan3e/hd_int_macros.edn
Parsing EDIF File [C:/Xilinx/14.7/ISE_DS/PlanAhead/data\./parts/xilinx/spartan3e/spartan3e/hd_int_macros.edn]
Finished Parsing EDIF File [C:/Xilinx/14.7/ISE_DS/PlanAhead/data\./parts/xilinx/spartan3e/spartan3e/hd_int_macros.edn]
Loading clock regions from C:/Xilinx/14.7/ISE_DS/PlanAhead/data\parts/xilinx/spartan3e/spartan3e/xc3s100e/ClockRegion.xml
Loading clock buffers from C:/Xilinx/14.7/ISE_DS/PlanAhead/data\parts/xilinx/spartan3e/spartan3e/xc3s100e/ClockBuffers.xml
Loading package from C:/Xilinx/14.7/ISE_DS/PlanAhead/data\parts/xilinx/spartan3e/spartan3e/xc3s100e/cp132/Package.xml
Loading io standards from C:/Xilinx/14.7/ISE_DS/PlanAhead/data\./parts/xilinx/spartan3e/IOStandards.xml
INFO: [Device 21-19] Loading pkg sso from C:/Xilinx/14.7/ISE_DS/PlanAhead/data\parts/xilinx/spartan3e/spartan3e/xc3s100e/cp132/SSORules.xml
Loading list of drcs for the architecture : C:/Xilinx/14.7/ISE_DS/PlanAhead/data\./parts/xilinx/spartan3e/spartan3e/drc.xml
INFO: [Timing 38-77] Reading timing library C:/Xilinx/14.7/ISE_DS/PlanAhead/data\parts/xilinx/spartan3e/spartan3e/spartan3e-4.lib.
INFO: [Timing 38-34] Done reading timing library C:/Xilinx/14.7/ISE_DS/PlanAhead/data\parts/xilinx/spartan3e/spartan3e/spartan3e-4.lib.
Parsing UCF File [C:/Embedded Projects/Seven_Seg_Counter/Seven_segment.ucf]
Finished Parsing UCF File [C:/Embedded Projects/Seven_Seg_Counter/Seven_segment.ucf]
INFO: [Project 1-111] Unisim Transformation Summary:
No Unisim elements were transformed.

Phase 0 | Netlist Checksum: 18961113
link_design: Time (s): elapsed = 00:00:08 . Memory (MB): peak = 528.434 ; gain = 133.367
startgroup
set_property package_pin F12 [get_ports an0]
endgroup
set_property is_loc_fixed false [get_ports [list  an0]]
set_property is_loc_fixed true [get_ports [list  an0]]
save_constraints
exit
ERROR: [PlanAhead 12-106] *** Exception: ui.h.b: Found deleted key in HTclEventBroker. Verify if the classes listed here call cleanup()
HTclEvent: SIGNAL_BUS_MODIFY   Classes: ui.views.aR 
HTclEvent: DEBUG_CORE_CONFIG_CHANGE   Classes: ui.views.aR 
HTclEvent: SIGNAL_MODIFY   Classes: ui.views.aR 
HTclEvent: DEBUG_PORT_CONFIG_CHANGE   Classes: ui.views.aR 
 (See C:/Embedded Projects/Seven_Seg_Counter\planAhead_pid9168.debug)
ERROR: [Common 17-39] 'stop_gui' failed due to earlier errors.
INFO: [Common 17-206] Exiting PlanAhead at Sat Jan 23 19:20:12 2016...
INFO: [Common 17-83] Releasing license: PlanAhead
