#-----------------------------------------------------------
# PlanAhead v14.7 (64-bit)
# Build 321239 by xbuild on Fri Sep 27 19:29:51 MDT 2013
# Start of session at: Fri Jan 22 12:44:10 2016
# Process ID: 76
# Log file: C:/Embedded Projects/P07_Counter_with_Frequency_Division/planAhead_run_1/planAhead.log
# Journal file: C:/Embedded Projects/P07_Counter_with_Frequency_Division/planAhead_run_1/planAhead.jou
#-----------------------------------------------------------
INFO: [Common 17-78] Attempting to get a license: PlanAhead
INFO: [Common 17-290] Got license for PlanAhead
INFO: [Device 21-36] Loading parts and site information from C:/Xilinx/14.7/ISE_DS/PlanAhead/data/parts/arch.xml
Parsing RTL primitives file [C:/Xilinx/14.7/ISE_DS/PlanAhead/data/parts/xilinx/rtl/prims/rtl_prims.xml]
Finished parsing RTL primitives file [C:/Xilinx/14.7/ISE_DS/PlanAhead/data/parts/xilinx/rtl/prims/rtl_prims.xml]
start_gui
source {C:/Embedded Projects/P07_Counter_with_Frequency_Division/pa.fromNetlist.tcl}
# create_project -name P06_Counters -dir "C:/Embedded Projects/P07_Counter_with_Frequency_Division/planAhead_run_1" -part xc6slx16csg324-3
# set_property design_mode GateLvl [get_property srcset [current_run -impl]]
# set_property edif_top_file "C:/Embedded Projects/P07_Counter_with_Frequency_Division/Counters.ngc" [ get_property srcset [ current_run ] ]
# add_files -norecurse { {C:/Embedded Projects/P07_Counter_with_Frequency_Division} }
# set_param project.pinAheadLayout  yes
# set_property target_constrs_file "Counters.ucf" [current_fileset -constrset]
Adding file 'C:/Embedded Projects/P07_Counter_with_Frequency_Division/Counters.ucf' to fileset 'constrs_1'
# add_files [list {Counters.ucf}] -fileset [get_property constrset [current_run]]
# link_design
Design is defaulting to srcset: sources_1
Design is defaulting to constrset: constrs_1
Design is defaulting to project part: xc6slx16csg324-3
Release 14.7 - ngc2edif P.20131013 (nt64)
Copyright (c) 1995-2013 Xilinx, Inc.  All rights reserved.
Reading design Counters.ngc ...
WARNING:NetListWriters:298 - No output is written to Counters.xncf, ignored.
Processing design ...
   Preping design's networks ...
   Preping design's macros ...
  finished :Prep
Writing EDIF netlist file Counters.edif ...
ngc2edif: Total memory usage is 85672 kilobytes

Parsing EDIF File [./planAhead_run_1/P06_Counters.data/cache/Counters_ngc_zx.edif]
Finished Parsing EDIF File [./planAhead_run_1/P06_Counters.data/cache/Counters_ngc_zx.edif]
INFO: [Netlist 29-17] Analyzing 1 Unisim elements for replacement
INFO: [Netlist 29-28] Unisim Transformation completed in 0 CPU seconds
Loading clock regions from C:/Xilinx/14.7/ISE_DS/PlanAhead/data\parts/xilinx/spartan6/spartan6lx/xc6slx16/ClockRegion.xml
Loading clock buffers from C:/Xilinx/14.7/ISE_DS/PlanAhead/data\parts/xilinx/spartan6/spartan6lx/xc6slx16/ClockBuffers.xml
Loading package pin functions from C:/Xilinx/14.7/ISE_DS/PlanAhead/data\parts/xilinx/spartan6/PinFunctions.xml...
Loading package from C:/Xilinx/14.7/ISE_DS/PlanAhead/data\parts/xilinx/spartan6/spartan6lx/xc6slx16/csg324/Package.xml
Loading io standards from C:/Xilinx/14.7/ISE_DS/PlanAhead/data\./parts/xilinx/spartan6/IOStandards.xml
Loading device configuration modes from C:/Xilinx/14.7/ISE_DS/PlanAhead/data\parts/xilinx/spartan6/ConfigModes.xml
Loading list of drcs for the architecture : C:/Xilinx/14.7/ISE_DS/PlanAhead/data\./parts/xilinx/spartan6/drc.xml
Parsing UCF File [C:/Embedded Projects/P07_Counter_with_Frequency_Division/Counters.ucf]
Finished Parsing UCF File [C:/Embedded Projects/P07_Counter_with_Frequency_Division/Counters.ucf]
INFO: [Project 1-111] Unisim Transformation Summary:
  A total of 1 instances were transformed.
  BUFGP => BUFGP (IBUF, BUFG): 1 instances

Phase 0 | Netlist Checksum: b7adf657
link_design: Time (s): elapsed = 00:00:16 . Memory (MB): peak = 600.988 ; gain = 174.648
set_property package_pin "" [get_ports [list  {Q[2]}]]
startgroup
set_property package_pin V15 [get_ports {Q[3]}]
endgroup
startgroup
set_property package_pin U15 [get_ports {Q[2]}]
endgroup
startgroup
set_property package_pin V16 [get_ports {Q[1]}]
endgroup
startgroup
set_property package_pin U16 [get_ports {Q[0]}]
endgroup
startgroup
set_property package_pin V10 [get_ports Clk]
endgroup
save_constraints
exit
ERROR: [PlanAhead 12-106] *** Exception: ui.h.b: Found deleted key in HTclEventBroker. Verify if the classes listed here call cleanup()
HTclEvent: SIGNAL_BUS_MODIFY   Classes: ui.views.aR 
HTclEvent: DEBUG_CORE_CONFIG_CHANGE   Classes: ui.views.aR 
HTclEvent: SIGNAL_MODIFY   Classes: ui.views.aR 
HTclEvent: DEBUG_PORT_CONFIG_CHANGE   Classes: ui.views.aR 
 (See C:/Embedded Projects/P07_Counter_with_Frequency_Division\planAhead_pid76.debug)
ERROR: [Common 17-39] 'stop_gui' failed due to earlier errors.
INFO: [Common 17-206] Exiting PlanAhead at Fri Jan 22 12:46:33 2016...
INFO: [Common 17-83] Releasing license: PlanAhead
