#-----------------------------------------------------------
# PlanAhead v14.7 (64-bit)
# Build 321239 by xbuild on Fri Sep 27 19:29:51 MDT 2013
# Start of session at: Sat Jan 23 19:13:27 2016
# Process ID: 6468
# Log file: C:/Embedded Projects/Seven_Seg_Counter/planAhead_run_1/planAhead.log
# Journal file: C:/Embedded Projects/Seven_Seg_Counter/planAhead_run_1/planAhead.jou
#-----------------------------------------------------------
INFO: [Common 17-78] Attempting to get a license: PlanAhead
INFO: [Common 17-290] Got license for PlanAhead
INFO: [Device 21-36] Loading parts and site information from C:/Xilinx/14.7/ISE_DS/PlanAhead/data/parts/arch.xml
Parsing RTL primitives file [C:/Xilinx/14.7/ISE_DS/PlanAhead/data/parts/xilinx/rtl/prims/rtl_prims.xml]
Finished parsing RTL primitives file [C:/Xilinx/14.7/ISE_DS/PlanAhead/data/parts/xilinx/rtl/prims/rtl_prims.xml]
start_gui
source {C:/Embedded Projects/Seven_Seg_Counter/pa.fromNetlist.tcl}
# create_project -name Seven_Seg_Counter -dir "C:/Embedded Projects/Seven_Seg_Counter/planAhead_run_2" -part xc3s100ecp132-4
# set_property design_mode GateLvl [get_property srcset [current_run -impl]]
# set_property edif_top_file "C:/Embedded Projects/Seven_Seg_Counter/Seven_segment.ngc" [ get_property srcset [ current_run ] ]
# add_files -norecurse { {C:/Embedded Projects/Seven_Seg_Counter} }
# set_param project.pinAheadLayout  yes
# set_property target_constrs_file "Seven_segment.ucf" [current_fileset -constrset]
Adding file 'C:/Embedded Projects/Seven_Seg_Counter/Seven_segment.ucf' to fileset 'constrs_1'
# add_files [list {Seven_segment.ucf}] -fileset [get_property constrset [current_run]]
# link_design
Design is defaulting to srcset: sources_1
Design is defaulting to constrset: constrs_1
Design is defaulting to project part: xc3s100ecp132-4
Release 14.7 - ngc2edif P.20131013 (nt64)
Copyright (c) 1995-2013 Xilinx, Inc.  All rights reserved.
Reading design Seven_segment.ngc ...
WARNING:NetListWriters:298 - No output is written to Seven_segment.xncf,
   ignored.
Processing design ...
   Preping design's networks ...
   Preping design's macros ...
  finished :Prep
Writing EDIF netlist file Seven_segment.edif ...
ngc2edif: Total memory usage is 84676 kilobytes

Parsing EDIF File [./planAhead_run_2/Seven_Seg_Counter.data/cache/Seven_segment_ngc_zx.edif]
INFO: [Common 17-41] Interrupt caught. Command should exit soon.
INFO: [Common 17-344] 'link_design' was cancelled
INFO: [Common 17-344] 'source' was cancelled
exit
ERROR: [PlanAhead 12-106] *** Exception: ui.h.b: Found deleted key in HTclEventBroker. Verify if the classes listed here call cleanup()
HTclEvent: DEBUG_CORE_CONFIG_CHANGE   Classes: ui.views.aR 
HTclEvent: SIGNAL_MODIFY   Classes: ui.views.aR 
HTclEvent: DEBUG_PORT_CONFIG_CHANGE   Classes: ui.views.aR 
HTclEvent: SIGNAL_BUS_MODIFY   Classes: ui.views.aR 
 (See C:/Embedded Projects/Seven_Seg_Counter\planAhead_pid6468.debug)
ERROR: [Common 17-39] 'stop_gui' failed due to earlier errors.
INFO: [Common 17-206] Exiting PlanAhead at Sat Jan 23 19:14:00 2016...
INFO: [Common 17-83] Releasing license: PlanAhead
