Release 14.7 - xst P.20131013 (nt)
Copyright (c) 1995-2013 Xilinx, Inc.  All rights reserved.
--> Parameter TMPDIR set to xst/projnav.tmp


Total REAL time to Xst completion: 0.00 secs
Total CPU time to Xst completion: 0.10 secs
 
--> Parameter xsthdpdir set to xst


Total REAL time to Xst completion: 0.00 secs
Total CPU time to Xst completion: 0.10 secs
 
--> Reading design: FSM_Moore_Template.prj

TABLE OF CONTENTS
  1) Synthesis Options Summary
  2) HDL Compilation
  3) Design Hierarchy Analysis
  4) HDL Analysis
  5) HDL Synthesis
     5.1) HDL Synthesis Report
  6) Advanced HDL Synthesis
     6.1) Advanced HDL Synthesis Report
  7) Low Level Synthesis
  8) Partition Report
  9) Final Report
	9.1) Device utilization summary
	9.2) Partition Resource Summary
	9.3) TIMING REPORT


=========================================================================
*                      Synthesis Options Summary                        *
=========================================================================
---- Source Parameters
Input File Name                    : "FSM_Moore_Template.prj"
Input Format                       : mixed
Ignore Synthesis Constraint File   : NO

---- Target Parameters
Output File Name                   : "FSM_Moore_Template"
Output Format                      : NGC
Target Device                      : xc3s100e-4-cp132

---- Source Options
Top Module Name                    : FSM_Moore_Template
Automatic FSM Extraction           : YES
FSM Encoding Algorithm             : Auto
Safe Implementation                : No
FSM Style                          : LUT
RAM Extraction                     : Yes
RAM Style                          : Auto
ROM Extraction                     : Yes
Mux Style                          : Auto
Decoder Extraction                 : YES
Priority Encoder Extraction        : Yes
Shift Register Extraction          : YES
Logical Shifter Extraction         : YES
XOR Collapsing                     : YES
ROM Style                          : Auto
Mux Extraction                     : Yes
Resource Sharing                   : YES
Asynchronous To Synchronous        : NO
Multiplier Style                   : Auto
Automatic Register Balancing       : No

---- Target Options
Add IO Buffers                     : YES
Global Maximum Fanout              : 500
Add Generic Clock Buffer(BUFG)     : 24
Register Duplication               : YES
Slice Packing                      : YES
Optimize Instantiated Primitives   : NO
Use Clock Enable                   : Yes
Use Synchronous Set                : Yes
Use Synchronous Reset              : Yes
Pack IO Registers into IOBs        : Auto
Equivalent register Removal        : YES

---- General Options
Optimization Goal                  : Speed
Optimization Effort                : 1
Keep Hierarchy                     : No
Netlist Hierarchy                  : As_Optimized
RTL Output                         : Yes
Global Optimization                : AllClockNets
Read Cores                         : YES
Write Timing Constraints           : NO
Cross Clock Analysis               : NO
Hierarchy Separator                : /
Bus Delimiter                      : <>
Case Specifier                     : Maintain
Slice Utilization Ratio            : 100
BRAM Utilization Ratio             : 100
Verilog 2001                       : YES
Auto BRAM Packing                  : NO
Slice Utilization Ratio Delta      : 5

=========================================================================


=========================================================================
*                          HDL Compilation                              *
=========================================================================
Compiling verilog file "FSM_Moore_Template.v" in library work
Module <FSM_Moore_Template> compiled
No errors in compilation
Analysis of file <"FSM_Moore_Template.prj"> succeeded.
 

=========================================================================
*                     Design Hierarchy Analysis                         *
=========================================================================
Analyzing hierarchy for module <FSM_Moore_Template> in library <work> with parameters.
	ST0 = "000"
	ST1 = "001"
	ST2 = "010"
	ST3 = "011"
	ST4 = "100"
	ST5_na = "101"
	ST6_na = "110"
	ST7_na = "111"


=========================================================================
*                            HDL Analysis                               *
=========================================================================
Analyzing top module <FSM_Moore_Template>.
	ST0 = 3'b000
	ST1 = 3'b001
	ST2 = 3'b010
	ST3 = 3'b011
	ST4 = 3'b100
	ST5_na = 3'b101
	ST6_na = 3'b110
	ST7_na = 3'b111
Module <FSM_Moore_Template> is correct for synthesis.
 

=========================================================================
*                           HDL Synthesis                               *
=========================================================================

Performing bidirectional port resolution...

Synthesizing Unit <FSM_Moore_Template>.
    Related source file is "FSM_Moore_Template.v".
INFO:Xst:2117 - HDL ADVISOR - Mux Selector <pres_state> of Case statement line 101 was re-encoded using one-hot encoding. The case statement will be optimized (default statement optimization), but this optimization may lead to design initialization problems. To ensure the design works safely, you can:
   	- add an 'INIT' attribute on signal <pres_state> (optimization is then done without any risk)
   	- use the attribute 'signal_encoding user' to avoid onehot optimization
   	- use the attribute 'safe_implementation yes' to force XST to perform a safe (but less efficient) optimization
INFO:Xst:1799 - State 111 is never reached in FSM <pres_state>.
INFO:Xst:1799 - State 101 is never reached in FSM <pres_state>.
INFO:Xst:1799 - State 110 is never reached in FSM <pres_state>.
    Found finite state machine <FSM_0> for signal <pres_state>.
    -----------------------------------------------------------------------
    | States             | 5                                              |
    | Transitions        | 13                                             |
    | Inputs             | 5                                              |
    | Outputs            | 5                                              |
    | Clock              | Clock                     (rising_edge)        |
    | Reset              | Reset                     (positive)           |
    | Reset type         | synchronous                                    |
    | Reset State        | 000                                            |
    | Encoding           | automatic                                      |
    | Implementation     | LUT                                            |
    -----------------------------------------------------------------------
    Summary:
	inferred   1 Finite State Machine(s).
Unit <FSM_Moore_Template> synthesized.


=========================================================================
HDL Synthesis Report

Found no macro
=========================================================================

=========================================================================
*                       Advanced HDL Synthesis                          *
=========================================================================

Analyzing FSM <FSM_0> for best encoding.
Optimizing FSM <pres_state/FSM> on signal <pres_state[1:3]> with sequential encoding.
-------------------
 State | Encoding
-------------------
 000   | 000
 001   | 010
 010   | 011
 011   | 100
 100   | 001
 101   | unreached
 110   | unreached
 111   | unreached
-------------------

=========================================================================
Advanced HDL Synthesis Report

Macro Statistics
# FSMs                                                 : 1

=========================================================================

=========================================================================
*                         Low Level Synthesis                           *
=========================================================================

Optimizing unit <FSM_Moore_Template> ...

Mapping all equations...
Building and optimizing final netlist ...
Found area constraint ratio of 100 (+ 5) on block FSM_Moore_Template, actual ratio is 0.

Final Macro Processing ...

=========================================================================
Final Register Report

Macro Statistics
# Registers                                            : 3
 Flip-Flops                                            : 3

=========================================================================

=========================================================================
*                           Partition Report                            *
=========================================================================

Partition Implementation Status
-------------------------------

  No Partitions were found in this design.

-------------------------------

=========================================================================
*                            Final Report                               *
=========================================================================
Final Results
RTL Top Level Output File Name     : FSM_Moore_Template.ngr
Top Level Output File Name         : FSM_Moore_Template
Output Format                      : NGC
Optimization Goal                  : Speed
Keep Hierarchy                     : No

Design Statistics
# IOs                              : 5

Cell Usage :
# BELS                             : 8
#      LUT2                        : 1
#      LUT2_L                      : 1
#      LUT3                        : 1
#      LUT4                        : 3
#      LUT4_L                      : 2
# FlipFlops/Latches                : 3
#      FDR                         : 3
# Clock Buffers                    : 1
#      BUFGP                       : 1
# IO Buffers                       : 4
#      IBUF                        : 3
#      OBUF                        : 1
=========================================================================

Device utilization summary:
---------------------------

Selected Device : 3s100ecp132-4 

 Number of Slices:                        4  out of    960     0%  
 Number of Slice Flip Flops:              3  out of   1920     0%  
 Number of 4 input LUTs:                  8  out of   1920     0%  
 Number of IOs:                           5
 Number of bonded IOBs:                   5  out of     83     6%  
 Number of GCLKs:                         1  out of     24     4%  

---------------------------
Partition Resource Summary:
---------------------------

  No Partitions were found in this design.

---------------------------


=========================================================================
TIMING REPORT

NOTE: THESE TIMING NUMBERS ARE ONLY A SYNTHESIS ESTIMATE.
      FOR ACCURATE TIMING INFORMATION PLEASE REFER TO THE TRACE REPORT
      GENERATED AFTER PLACE-and-ROUTE.

Clock Information:
------------------
-----------------------------------+------------------------+-------+
Clock Signal                       | Clock buffer(FF name)  | Load  |
-----------------------------------+------------------------+-------+
Clock                              | BUFGP                  | 3     |
-----------------------------------+------------------------+-------+

Asynchronous Control Signals Information:
----------------------------------------
No asynchronous control signals found in this design

Timing Summary:
---------------
Speed Grade: -4

   Minimum period: 3.173ns (Maximum Frequency: 315.159MHz)
   Minimum input arrival time before clock: 4.337ns
   Maximum output required time after clock: 5.749ns
   Maximum combinational path delay: No path found

Timing Detail:
--------------
All values displayed in nanoseconds (ns)

=========================================================================
Timing constraint: Default period analysis for Clock 'Clock'
  Clock period: 3.173ns (frequency: 315.159MHz)
  Total number of paths / destination ports: 11 / 3
-------------------------------------------------------------------------
Delay:               3.173ns (Levels of Logic = 2)
  Source:            pres_state_FSM_FFd3 (FF)
  Destination:       pres_state_FSM_FFd1 (FF)
  Source Clock:      Clock rising
  Destination Clock: Clock rising

  Data Path: pres_state_FSM_FFd3 to pres_state_FSM_FFd1
                                Gate     Net
    Cell:in->out      fanout   Delay   Delay  Logical Name (Net Name)
    ----------------------------------------  ------------
     FDR:C->Q              4   0.591   0.762  pres_state_FSM_FFd3 (pres_state_FSM_FFd3)
     LUT2_L:I0->LO         1   0.704   0.104  pres_state_FSM_FFd1-In_SW0 (N4)
     LUT4:I3->O            1   0.704   0.000  pres_state_FSM_FFd1-In (pres_state_FSM_FFd1-In)
     FDR:D                     0.308          pres_state_FSM_FFd1
    ----------------------------------------
    Total                      3.173ns (2.307ns logic, 0.866ns route)
                                       (72.7% logic, 27.3% route)

=========================================================================
Timing constraint: Default OFFSET IN BEFORE for Clock 'Clock'
  Total number of paths / destination ports: 12 / 6
-------------------------------------------------------------------------
Offset:              4.337ns (Levels of Logic = 3)
  Source:            Data_In<1> (PAD)
  Destination:       pres_state_FSM_FFd3 (FF)
  Destination Clock: Clock rising

  Data Path: Data_In<1> to pres_state_FSM_FFd3
                                Gate     Net
    Cell:in->out      fanout   Delay   Delay  Logical Name (Net Name)
    ----------------------------------------  ------------
     IBUF:I->O             5   1.218   0.808  Data_In_1_IBUF (Data_In_1_IBUF)
     LUT2:I0->O            1   0.704   0.595  pres_state_FSM_FFd3-In_SW1_SW0 (N12)
     LUT4:I0->O            1   0.704   0.000  pres_state_FSM_FFd3-In (pres_state_FSM_FFd3-In)
     FDR:D                     0.308          pres_state_FSM_FFd3
    ----------------------------------------
    Total                      4.337ns (2.934ns logic, 1.403ns route)
                                       (67.7% logic, 32.3% route)

=========================================================================
Timing constraint: Default OFFSET OUT AFTER for Clock 'Clock'
  Total number of paths / destination ports: 3 / 1
-------------------------------------------------------------------------
Offset:              5.749ns (Levels of Logic = 2)
  Source:            pres_state_FSM_FFd3 (FF)
  Destination:       Data_Out (PAD)
  Source Clock:      Clock rising

  Data Path: pres_state_FSM_FFd3 to Data_Out
                                Gate     Net
    Cell:in->out      fanout   Delay   Delay  Logical Name (Net Name)
    ----------------------------------------  ------------
     FDR:C->Q              4   0.591   0.762  pres_state_FSM_FFd3 (pres_state_FSM_FFd3)
     LUT3:I0->O            1   0.704   0.420  Data_Out1 (Data_Out_OBUF)
     OBUF:I->O                 3.272          Data_Out_OBUF (Data_Out)
    ----------------------------------------
    Total                      5.749ns (4.567ns logic, 1.182ns route)
                                       (79.4% logic, 20.6% route)

=========================================================================


Total REAL time to Xst completion: 4.00 secs
Total CPU time to Xst completion: 3.76 secs
 
--> 

Total memory usage is 248908 kilobytes

Number of errors   :    0 (   0 filtered)
Number of warnings :    0 (   0 filtered)
Number of infos    :    4 (   0 filtered)

