--------------------------------------------------------------------------------
Release 14.7 Trace  (nt)
Copyright (c) 1995-2013 Xilinx, Inc.  All rights reserved.

C:\Xilinx\14.7\ISE_DS\ISE\bin\nt\unwrapped\trce.exe -intstyle ise -v 3 -s 3 -n
3 -fastpaths -xml Seven_segment.twx Seven_segment.ncd -o Seven_segment.twr
Seven_segment.pcf -ucf Seven_segment.ucf

Design file:              Seven_segment.ncd
Physical constraint file: Seven_segment.pcf
Device,package,speed:     xc6slx16,csg324,C,-3 (PRODUCTION 1.23 2013-10-13)
Report level:             verbose report

Environment Variable      Effect 
--------------------      ------ 
NONE                      No environment variables were set
--------------------------------------------------------------------------------

INFO:Timing:2698 - No timing constraints found, doing default enumeration.
INFO:Timing:3412 - To improve timing, see the Timing Closure User Guide (UG612).
INFO:Timing:2752 - To get complete path coverage, use the unconstrained paths 
   option. All paths that are not constrained will be reported in the 
   unconstrained paths section(s) of the report.
INFO:Timing:3339 - The clock-to-out numbers in this timing report are based on 
   a 50 Ohm transmission line loading model.  For the details of this model, 
   and for more information on accounting for different loading conditions, 
   please see the device datasheet.



Data Sheet report:
-----------------
All values displayed in nanoseconds (ns)

Setup/Hold to clock Clk
------------+------------+------------+------------+------------+------------------+--------+
            |Max Setup to|  Process   |Max Hold to |  Process   |                  | Clock  |
Source      | clk (edge) |   Corner   | clk (edge) |   Corner   |Internal Clock(s) | Phase  |
------------+------------+------------+------------+------------+------------------+--------+
Clr         |    5.086(R)|      SLOW  |   -1.287(R)|      FAST  |Clk_BUFGP         |   0.000|
SW          |    1.484(R)|      SLOW  |   -0.641(R)|      SLOW  |Clk_BUFGP         |   0.000|
------------+------------+------------+------------+------------+------------------+--------+

Clock Clk to Pad
------------+-----------------+------------+-----------------+------------+------------------+--------+
            |Max (slowest) clk|  Process   |Min (fastest) clk|  Process   |                  | Clock  |
Destination |  (edge) to PAD  |   Corner   |  (edge) to PAD  |   Corner   |Internal Clock(s) | Phase  |
------------+-----------------+------------+-----------------+------------+------------------+--------+
Seg<0>      |         7.715(R)|      SLOW  |         3.755(R)|      FAST  |Clk_BUFGP         |   0.000|
Seg<1>      |         7.850(R)|      SLOW  |         3.888(R)|      FAST  |Clk_BUFGP         |   0.000|
Seg<2>      |         7.666(R)|      SLOW  |         3.739(R)|      FAST  |Clk_BUFGP         |   0.000|
Seg<3>      |         8.068(R)|      SLOW  |         4.013(R)|      FAST  |Clk_BUFGP         |   0.000|
Seg<4>      |         7.890(R)|      SLOW  |         3.852(R)|      FAST  |Clk_BUFGP         |   0.000|
Seg<5>      |         7.691(R)|      SLOW  |         3.717(R)|      FAST  |Clk_BUFGP         |   0.000|
Seg<6>      |         8.047(R)|      SLOW  |         3.868(R)|      FAST  |Clk_BUFGP         |   0.000|
------------+-----------------+------------+-----------------+------------+------------------+--------+

Clock to Setup on destination clock Clk
---------------+---------+---------+---------+---------+
               | Src:Rise| Src:Fall| Src:Rise| Src:Fall|
Source Clock   |Dest:Rise|Dest:Rise|Dest:Fall|Dest:Fall|
---------------+---------+---------+---------+---------+
Clk            |    3.258|         |         |         |
---------------+---------+---------+---------+---------+


Analysis completed Tue Feb 16 20:54:06 2016 
--------------------------------------------------------------------------------

Trace Settings:
-------------------------
Trace Settings 

Peak Memory Usage: 172 MB



