Release 14.7 - ngc2edif P.20131013 (nt64)
Copyright (c) 1995-2013 Xilinx, Inc.  All rights reserved.
Reading design Seven_segment.ngc ...
WARNING:NetListWriters:298 - No output is written to Seven_segment.xncf,
   ignored.
Processing design ...
   Preping design's networks ...
   Preping design's macros ...
  finished :Prep
Writing EDIF netlist file Seven_segment.edif ...
ngc2edif: Total memory usage is 84676 kilobytes

Release 14.7 - ngc2edif P.20131013 (nt64)
Copyright (c) 1995-2013 Xilinx, Inc.  All rights reserved.
Reading design Seven_segment.ngc ...
WARNING:NetListWriters:298 - No output is written to Seven_segment.xncf,
   ignored.
Processing design ...
   Preping design's networks ...
   Preping design's macros ...
  finished :Prep
Writing EDIF netlist file Seven_segment.edif ...
ngc2edif: Total memory usage is 85188 kilobytes

Release 14.7 - ngc2edif P.20131013 (nt64)
Copyright (c) 1995-2013 Xilinx, Inc.  All rights reserved.
Reading design Seven_segment.ngc ...
WARNING:NetListWriters:298 - No output is written to Seven_segment.xncf,
   ignored.
Processing design ...
   Preping design's networks ...
   Preping design's macros ...
  finished :Prep
Writing EDIF netlist file Seven_segment.edif ...
ngc2edif: Total memory usage is 84932 kilobytes

