Release 14.7 - xst P.20131013 (nt)
Copyright (c) 1995-2013 Xilinx, Inc.  All rights reserved.
--> Parameter TMPDIR set to xst/projnav.tmp


Total REAL time to Xst completion: 0.00 secs
Total CPU time to Xst completion: 0.10 secs
 
--> Parameter xsthdpdir set to xst


Total REAL time to Xst completion: 0.00 secs
Total CPU time to Xst completion: 0.10 secs
 
--> Reading design: Seven_segment.prj

TABLE OF CONTENTS
  1) Synthesis Options Summary
  2) HDL Parsing
  3) HDL Elaboration
  4) HDL Synthesis
       4.1) HDL Synthesis Report
  5) Advanced HDL Synthesis
       5.1) Advanced HDL Synthesis Report
  6) Low Level Synthesis
  7) Partition Report
  8) Design Summary
       8.1) Primitive and Black Box Usage
       8.2) Device utilization summary
       8.3) Partition Resource Summary
       8.4) Timing Report
            8.4.1) Clock Information
            8.4.2) Asynchronous Control Signals Information
            8.4.3) Timing Summary
            8.4.4) Timing Details
            8.4.5) Cross Clock Domains Report


=========================================================================
*                      Synthesis Options Summary                        *
=========================================================================
---- Source Parameters
Input File Name                    : "Seven_segment.prj"
Ignore Synthesis Constraint File   : NO

---- Target Parameters
Output File Name                   : "Seven_segment"
Output Format                      : NGC
Target Device                      : xc6slx16-3-csg324

---- Source Options
Top Module Name                    : Seven_segment
Automatic FSM Extraction           : YES
FSM Encoding Algorithm             : Auto
Safe Implementation                : No
FSM Style                          : LUT
RAM Extraction                     : Yes
RAM Style                          : Auto
ROM Extraction                     : Yes
Shift Register Extraction          : YES
ROM Style                          : Auto
Resource Sharing                   : YES
Asynchronous To Synchronous        : NO
Shift Register Minimum Size        : 2
Use DSP Block                      : Auto
Automatic Register Balancing       : No

---- Target Options
LUT Combining                      : Auto
Reduce Control Sets                : Auto
Add IO Buffers                     : YES
Global Maximum Fanout              : 100000
Add Generic Clock Buffer(BUFG)     : 16
Register Duplication               : YES
Optimize Instantiated Primitives   : NO
Use Clock Enable                   : Auto
Use Synchronous Set                : Auto
Use Synchronous Reset              : Auto
Pack IO Registers into IOBs        : Auto
Equivalent register Removal        : YES

---- General Options
Optimization Goal                  : Speed
Optimization Effort                : 1
Power Reduction                    : NO
Keep Hierarchy                     : No
Netlist Hierarchy                  : As_Optimized
RTL Output                         : Yes
Global Optimization                : AllClockNets
Read Cores                         : YES
Write Timing Constraints           : NO
Cross Clock Analysis               : NO
Hierarchy Separator                : /
Bus Delimiter                      : <>
Case Specifier                     : Maintain
Slice Utilization Ratio            : 100
BRAM Utilization Ratio             : 100
DSP48 Utilization Ratio            : 100
Auto BRAM Packing                  : NO
Slice Utilization Ratio Delta      : 5

=========================================================================


=========================================================================
*                          HDL Parsing                                  *
=========================================================================
Analyzing Verilog file "C:\Embedded Projects\Seven_Seg_Counter\Seven_segment.v" into library work
Parsing module <Seven_segment>.

=========================================================================
*                            HDL Elaboration                            *
=========================================================================

Elaborating module <Seven_segment>.

=========================================================================
*                           HDL Synthesis                               *
=========================================================================

Synthesizing Unit <Seven_segment>.
    Related source file is "C:\Embedded Projects\Seven_Seg_Counter\Seven_segment.v".
        BoardFreq = 100000000
        Bits = 27
        zero = 7'b1000000
        one = 7'b1111001
        two = 7'b0100100
        three = 7'b0110000
        four = 7'b0011001
        five = 7'b0010010
        six = 7'b0000010
        seven = 7'b1111000
        eigth = 7'b0000000
        nine = 7'b0010000
    Found 1-bit register for signal <En1Hz>.
    Found 4-bit register for signal <Qtemp>.
    Found 27-bit register for signal <count>.
    Found 27-bit adder for signal <count[26]_GND_1_o_add_1_OUT> created at line 60.
    Found 4-bit adder for signal <Qtemp[3]_GND_1_o_add_5_OUT> created at line 80.
    Found 16x7-bit Read Only RAM for signal <Seg>
    Summary:
	inferred   1 RAM(s).
	inferred   2 Adder/Subtractor(s).
	inferred  32 D-type flip-flop(s).
	inferred   2 Multiplexer(s).
Unit <Seven_segment> synthesized.

=========================================================================
HDL Synthesis Report

Macro Statistics
# RAMs                                                 : 1
 16x7-bit single-port Read Only RAM                    : 1
# Adders/Subtractors                                   : 2
 27-bit adder                                          : 1
 4-bit adder                                           : 1
# Registers                                            : 3
 1-bit register                                        : 1
 27-bit register                                       : 1
 4-bit register                                        : 1
# Multiplexers                                         : 2
 27-bit 2-to-1 multiplexer                             : 1
 4-bit 2-to-1 multiplexer                              : 1

=========================================================================

=========================================================================
*                       Advanced HDL Synthesis                          *
=========================================================================


Synthesizing (advanced) Unit <Seven_segment>.
The following registers are absorbed into counter <count>: 1 register on signal <count>.
The following registers are absorbed into counter <Qtemp>: 1 register on signal <Qtemp>.
INFO:Xst:3218 - HDL ADVISOR - The RAM <Mram_Seg> will be implemented on LUTs either because you have described an asynchronous read or because of currently unsupported block RAM features. If you have described an asynchronous read, making it synchronous would allow you to take advantage of available block RAM resources, for optimized device usage and improved timings. Please refer to your documentation for coding guidelines.
    -----------------------------------------------------------------------
    | ram_type           | Distributed                         |          |
    -----------------------------------------------------------------------
    | Port A                                                              |
    |     aspect ratio   | 16-word x 7-bit                     |          |
    |     weA            | connected to signal <GND>           | high     |
    |     addrA          | connected to signal <Qtemp>         |          |
    |     diA            | connected to signal <GND>           |          |
    |     doA            | connected to signal <Seg>           |          |
    -----------------------------------------------------------------------
Unit <Seven_segment> synthesized (advanced).

=========================================================================
Advanced HDL Synthesis Report

Macro Statistics
# RAMs                                                 : 1
 16x7-bit single-port distributed Read Only RAM        : 1
# Counters                                             : 2
 27-bit up counter                                     : 1
 4-bit up counter                                      : 1
# Registers                                            : 1
 Flip-Flops                                            : 1

=========================================================================

=========================================================================
*                         Low Level Synthesis                           *
=========================================================================

Optimizing unit <Seven_segment> ...

Mapping all equations...
Building and optimizing final netlist ...
Found area constraint ratio of 100 (+ 5) on block Seven_segment, actual ratio is 1.

Final Macro Processing ...

=========================================================================
Final Register Report

Macro Statistics
# Registers                                            : 32
 Flip-Flops                                            : 32

=========================================================================

=========================================================================
*                           Partition Report                            *
=========================================================================

Partition Implementation Status
-------------------------------

  No Partitions were found in this design.

-------------------------------

=========================================================================
*                            Design Summary                             *
=========================================================================

Top Level Output File Name         : Seven_segment.ngc

Primitive and Black Box Usage:
------------------------------
# BELS                             : 127
#      GND                         : 1
#      INV                         : 2
#      LUT1                        : 26
#      LUT2                        : 28
#      LUT3                        : 1
#      LUT4                        : 9
#      LUT6                        : 6
#      MUXCY                       : 26
#      VCC                         : 1
#      XORCY                       : 27
# FlipFlops/Latches                : 32
#      FDC                         : 28
#      FDCE                        : 4
# Clock Buffers                    : 1
#      BUFGP                       : 1
# IO Buffers                       : 12
#      IBUF                        : 1
#      OBUF                        : 11

Device utilization summary:
---------------------------

Selected Device : 6slx16csg324-3 


Slice Logic Utilization: 
 Number of Slice Registers:              32  out of  18224     0%  
 Number of Slice LUTs:                   72  out of   9112     0%  
    Number used as Logic:                72  out of   9112     0%  

Slice Logic Distribution: 
 Number of LUT Flip Flop pairs used:     72
   Number with an unused Flip Flop:      40  out of     72    55%  
   Number with an unused LUT:             0  out of     72     0%  
   Number of fully used LUT-FF pairs:    32  out of     72    44%  
   Number of unique control sets:         2

IO Utilization: 
 Number of IOs:                          13
 Number of bonded IOBs:                  13  out of    232     5%  

Specific Feature Utilization:
 Number of BUFG/BUFGCTRLs:                1  out of     16     6%  

---------------------------
Partition Resource Summary:
---------------------------

  No Partitions were found in this design.

---------------------------


=========================================================================
Timing Report

NOTE: THESE TIMING NUMBERS ARE ONLY A SYNTHESIS ESTIMATE.
      FOR ACCURATE TIMING INFORMATION PLEASE REFER TO THE TRACE REPORT
      GENERATED AFTER PLACE-and-ROUTE.

Clock Information:
------------------
-----------------------------------+------------------------+-------+
Clock Signal                       | Clock buffer(FF name)  | Load  |
-----------------------------------+------------------------+-------+
Clk                                | BUFGP                  | 32    |
-----------------------------------+------------------------+-------+

Asynchronous Control Signals Information:
----------------------------------------
No asynchronous control signals found in this design

Timing Summary:
---------------
Speed Grade: -3

   Minimum period: 3.987ns (Maximum Frequency: 250.790MHz)
   Minimum input arrival time before clock: 2.943ns
   Maximum output required time after clock: 4.930ns
   Maximum combinational path delay: No path found

Timing Details:
---------------
All values displayed in nanoseconds (ns)

=========================================================================
Timing constraint: Default period analysis for Clock 'Clk'
  Clock period: 3.987ns (frequency: 250.790MHz)
  Total number of paths / destination ports: 1150 / 36
-------------------------------------------------------------------------
Delay:               3.987ns (Levels of Logic = 3)
  Source:            count_24 (FF)
  Destination:       count_13 (FF)
  Source Clock:      Clk rising
  Destination Clock: Clk rising

  Data Path: count_24 to count_13
                                Gate     Net
    Cell:in->out      fanout   Delay   Delay  Logical Name (Net Name)
    ----------------------------------------  ------------
     FDC:C->Q              2   0.447   0.981  count_24 (count_24)
     LUT6:I0->O            2   0.203   0.864  GND_1_o_INV_3_o<26>7_SW0 (N0)
     LUT6:I2->O           15   0.203   0.982  GND_1_o_INV_3_o<26>7 (GND_1_o_GND_1_o_not_equal_0_o_inv)
     LUT2:I1->O            1   0.205   0.000  Mcount_count_eqn_261 (Mcount_count_eqn_26)
     FDC:D                     0.102          count_26
    ----------------------------------------
    Total                      3.987ns (1.160ns logic, 2.827ns route)
                                       (29.1% logic, 70.9% route)

=========================================================================
Timing constraint: Default OFFSET IN BEFORE for Clock 'Clk'
  Total number of paths / destination ports: 32 / 32
-------------------------------------------------------------------------
Offset:              2.943ns (Levels of Logic = 1)
  Source:            Clr (PAD)
  Destination:       En1Hz (FF)
  Destination Clock: Clk rising

  Data Path: Clr to En1Hz
                                Gate     Net
    Cell:in->out      fanout   Delay   Delay  Logical Name (Net Name)
    ----------------------------------------  ------------
     IBUF:I->O            32   1.222   1.291  Clr_IBUF (Clr_IBUF)
     FDC:CLR                   0.430          En1Hz
    ----------------------------------------
    Total                      2.943ns (1.652ns logic, 1.291ns route)
                                       (56.1% logic, 43.9% route)

=========================================================================
Timing constraint: Default OFFSET OUT AFTER for Clock 'Clk'
  Total number of paths / destination ports: 28 / 7
-------------------------------------------------------------------------
Offset:              4.930ns (Levels of Logic = 2)
  Source:            Qtemp_0 (FF)
  Destination:       Seg<4> (PAD)
  Source Clock:      Clk rising

  Data Path: Qtemp_0 to Seg<4>
                                Gate     Net
    Cell:in->out      fanout   Delay   Delay  Logical Name (Net Name)
    ----------------------------------------  ------------
     FDCE:C->Q            11   0.447   1.130  Qtemp_0 (Qtemp_0)
     LUT4:I0->O            1   0.203   0.579  Mram_Seg21 (Seg_2_OBUF)
     OBUF:I->O                 2.571          Seg_2_OBUF (Seg<2>)
    ----------------------------------------
    Total                      4.930ns (3.221ns logic, 1.709ns route)
                                       (65.3% logic, 34.7% route)

=========================================================================

Cross Clock Domains Report:
--------------------------

Clock to Setup on destination clock Clk
---------------+---------+---------+---------+---------+
               | Src:Rise| Src:Fall| Src:Rise| Src:Fall|
Source Clock   |Dest:Rise|Dest:Rise|Dest:Fall|Dest:Fall|
---------------+---------+---------+---------+---------+
Clk            |    3.987|         |         |         |
---------------+---------+---------+---------+---------+

=========================================================================


Total REAL time to Xst completion: 4.00 secs
Total CPU time to Xst completion: 3.80 secs
 
--> 

Total memory usage is 248100 kilobytes

Number of errors   :    0 (   0 filtered)
Number of warnings :    0 (   0 filtered)
Number of infos    :    1 (   0 filtered)

